{"numTotalTestSuites":24,"numPassedTestSuites":24,"numFailedTestSuites":0,"numPendingTestSuites":0,"numTotalTests":32,"numPassedTests":32,"numFailedTests":0,"numPendingTests":0,"numTodoTests":0,"snapshot":{"added":0,"failure":false,"filesAdded":0,"filesRemoved":0,"filesRemovedList":[],"filesUnmatched":0,"filesUpdated":0,"matched":0,"total":0,"unchecked":0,"uncheckedKeysByFile":[],"unmatched":0,"updated":0,"didUpdate":false},"startTime":1779460308501,"success":true,"testResults":[{"assertionResults":[{"ancestorTitles":["telemetry API"],"fullName":"telemetry API treats a browser acknowledgement as acknowledged when the server has reset","status":"passed","title":"treats a browser acknowledgement as acknowledged when the server has reset","duration":2.986986999999999,"failureMessages":[],"meta":{}},{"ancestorTitles":["telemetry API"],"fullName":"telemetry API stores the acknowledgement locally before posting it to the server","status":"passed","title":"stores the acknowledgement locally before posting it to the server","duration":0.45182599999998274,"failureMessages":[],"meta":{}}],"startTime":1779460314244,"endTime":1779460314247.452,"status":"passed","message":"","name":"/home/pankaj/Projects/leanchain/atelier/frontend/src/lib/insightsApi.test.ts"},{"assertionResults":[{"ancestorTitles":["Insights page"],"fullName":"Insights page shows loading state initially","status":"passed","title":"shows loading state initially","duration":13.413940000000025,"failureMessages":[],"meta":{}},{"ancestorTitles":["Insights page"],"fullName":"Insights page renders InsightsWindow data","status":"passed","title":"renders InsightsWindow data","duration":16.156340999999998,"failureMessages":[],"meta":{}},{"ancestorTitles":["Insights page"],"fullName":"Insights page shows empty state when no sessions","status":"passed","title":"shows empty state when no sessions","duration":3.4224570000000085,"failureMessages":[],"meta":{}}],"startTime":1779460313131,"endTime":1779460313163.4224,"status":"passed","message":"","name":"/home/pankaj/Projects/leanchain/atelier/frontend/src/pages/Insights.test.tsx"},{"assertionResults":[{"ancestorTitles":["Memory page"],"fullName":"Memory page aggregates blocks and archival passages across visible agents","status":"passed","title":"aggregates blocks and archival passages across visible agents","duration":71.201705,"failureMessages":[],"meta":{}}],"startTime":1779460311547,"endTime":1779460311618.2017,"status":"passed","message":"","name":"/home/pankaj/Projects/leanchain/atelier/frontend/src/pages/Memory.test.tsx"},{"assertionResults":[{"ancestorTitles":["Outcomes page"],"fullName":"Outcomes page shows loading state initially","status":"passed","title":"shows loading state initially","duration":16.262144999999975,"failureMessages":[],"meta":{}},{"ancestorTitles":["Outcomes page"],"fullName":"Outcomes page shows empty state when no data","status":"passed","title":"shows empty state when no data","duration":9.098839999999996,"failureMessages":[],"meta":{}},{"ancestorTitles":["Outcomes page"],"fullName":"Outcomes page renders metrics when data is present","status":"passed","title":"renders metrics when data is present","duration":6.082640000000026,"failureMessages":[],"meta":{}}],"startTime":1779460313909,"endTime":1779460313940.0825,"status":"passed","message":"","name":"/home/pankaj/Projects/leanchain/atelier/frontend/src/pages/Outcomes.test.tsx"},{"assertionResults":[{"ancestorTitles":["Reports page"],"fullName":"Reports page shows loading state initially","status":"passed","title":"shows loading state initially","duration":13.052744000000018,"failureMessages":[],"meta":{}},{"ancestorTitles":["Reports page"],"fullName":"Reports page shows empty state when no reports","status":"passed","title":"shows empty state when no reports","duration":8.097248999999977,"failureMessages":[],"meta":{}},{"ancestorTitles":["Reports page"],"fullName":"Reports page renders report list and content","status":"passed","title":"renders report list and content","duration":8.142663999999968,"failureMessages":[],"meta":{}}],"startTime":1779460313546,"endTime":1779460313575.1426,"status":"passed","message":"","name":"/home/pankaj/Projects/leanchain/atelier/frontend/src/pages/Reports.test.tsx"},{"assertionResults":[{"ancestorTitles":["Savings page"],"fullName":"Savings page renders KPI, lever breakdown, and trend chart","status":"passed","title":"renders KPI, lever breakdown, and trend chart","duration":61.99812000000003,"failureMessages":[],"meta":{}},{"ancestorTitles":["Savings page"],"fullName":"Savings page renders coaching empty state when there is no telemetry","status":"passed","title":"renders coaching empty state when there is no telemetry","duration":5.797567999999956,"failureMessages":[],"meta":{}},{"ancestorTitles":["Savings page"],"fullName":"Savings page renders an explicit capture-gap message instead of three empty proof columns","status":"passed","title":"renders an explicit capture-gap message instead of three empty proof columns","duration":47.53736100000003,"failureMessages":[],"meta":{}}],"startTime":1779460309004,"endTime":1779460309119.5374,"status":"passed","message":"","name":"/home/pankaj/Projects/leanchain/atelier/frontend/src/pages/Savings.test.tsx"},{"assertionResults":[{"ancestorTitles":["SessionDetail page"],"fullName":"SessionDetail page shows loading state initially","status":"passed","title":"shows loading state initially","duration":14.555983999999967,"failureMessages":[],"meta":{}},{"ancestorTitles":["SessionDetail page"],"fullName":"SessionDetail page renders cost metrics after load","status":"passed","title":"renders cost metrics after load","duration":24.09182400000003,"failureMessages":[],"meta":{}},{"ancestorTitles":["SessionDetail page"],"fullName":"SessionDetail page shows error on 404","status":"passed","title":"shows error on 404","duration":3.3651199999999903,"failureMessages":[],"meta":{}}],"startTime":1779460312731,"endTime":1779460312773.3652,"status":"passed","message":"","name":"/home/pankaj/Projects/leanchain/atelier/frontend/src/pages/SessionDetail.test.tsx"},{"assertionResults":[{"ancestorTitles":["Sessions page"],"fullName":"Sessions page shows loading state initially","status":"passed","title":"shows loading state initially","duration":20.270272000000034,"failureMessages":[],"meta":{}},{"ancestorTitles":["Sessions page"],"fullName":"Sessions page renders session rows after load","status":"passed","title":"renders session rows after load","duration":24.859290999999985,"failureMessages":[],"meta":{}},{"ancestorTitles":["Sessions page"],"fullName":"Sessions page requests unbounded traces and long-window summaries","status":"passed","title":"requests unbounded traces and long-window summaries","duration":8.686783999999989,"failureMessages":[],"meta":{}},{"ancestorTitles":["Sessions page"],"fullName":"Sessions page falls back to trace token counts when summary tokens are zero","status":"passed","title":"falls back to trace token counts when summary tokens are zero","duration":7.070536000000004,"failureMessages":[],"meta":{}},{"ancestorTitles":["Sessions page"],"fullName":"Sessions page shows empty state when no sessions","status":"passed","title":"shows empty state when no sessions","duration":5.125880999999993,"failureMessages":[],"meta":{}},{"ancestorTitles":["Sessions page"],"fullName":"Sessions page shows error state on fetch failure","status":"passed","title":"shows error state on fetch failure","duration":4.8550539999999955,"failureMessages":[],"meta":{}}],"startTime":1779460311127,"endTime":1779460311197.855,"status":"passed","message":"","name":"/home/pankaj/Projects/leanchain/atelier/frontend/src/pages/Sessions.test.tsx"},{"assertionResults":[{"ancestorTitles":["Traces page"],"fullName":"Traces page searches all sessions in place and updates the visible session cards","status":"passed","title":"searches all sessions in place and updates the visible session cards","duration":392.420701,"failureMessages":[],"meta":{}},{"ancestorTitles":["Traces page"],"fullName":"Traces page does not leak unrelated snippets into the current search results","status":"passed","title":"does not leak unrelated snippets into the current search results","duration":342.466538,"failureMessages":[],"meta":{}}],"startTime":1779460309618,"endTime":1779460310352.4666,"status":"passed","message":"","name":"/home/pankaj/Projects/leanchain/atelier/frontend/src/pages/Traces.test.tsx"},{"assertionResults":[{"ancestorTitles":["Watchdogs page"],"fullName":"Watchdogs page loads backend watchdog config and saves profile changes","status":"passed","title":"loads backend watchdog config and saves profile changes","duration":80.77035900000004,"failureMessages":[],"meta":{}}],"startTime":1779460310707,"endTime":1779460310787.7703,"status":"passed","message":"","name":"/home/pankaj/Projects/leanchain/atelier/frontend/src/pages/Watchdogs.test.tsx"},{"assertionResults":[{"ancestorTitles":["SessionExplorerDetail"],"fullName":"SessionExplorerDetail shows the started model and pricing source in the header","status":"passed","title":"shows the started model and pricing source in the header","duration":35.97650599999997,"failureMessages":[],"meta":{}}],"startTime":1779460312350,"endTime":1779460312385.9766,"status":"passed","message":"","name":"/home/pankaj/Projects/leanchain/atelier/frontend/src/pages/sessions/SessionDetail.test.tsx"},{"assertionResults":[{"ancestorTitles":["ConversationTurn rich cards"],"fullName":"ConversationTurn rich cards renders TodoWrite turns as a task list card","status":"passed","title":"renders TodoWrite turns as a task list card","duration":22.775008000000014,"failureMessages":[],"meta":{}},{"ancestorTitles":["ConversationTurn rich cards"],"fullName":"ConversationTurn rich cards renders inline attachment previews for selection context","status":"passed","title":"renders inline attachment previews for selection context","duration":4.34769799999998,"failureMessages":[],"meta":{}},{"ancestorTitles":["ConversationTurn rich cards"],"fullName":"ConversationTurn rich cards hides generic main transcript filenames from the turn header","status":"passed","title":"hides generic main transcript filenames from the turn header","duration":2.1294429999999807,"failureMessages":[],"meta":{}},{"ancestorTitles":["ConversationTurn rich cards"],"fullName":"ConversationTurn rich cards shows model badges in the turn header and subagent card","status":"passed","title":"shows model badges in the turn header and subagent card","duration":1.776990000000012,"failureMessages":[],"meta":{}}],"startTime":1779460311983,"endTime":1779460312014.777,"status":"passed","message":"","name":"/home/pankaj/Projects/leanchain/atelier/frontend/src/pages/sessions/TurnRenderers.test.tsx"}]}